<?xml version="1.0" encoding="UTF-8"?>
<!-- Generated by org.testng.reporters.JUnitXMLReporter -->
<testsuite hostname="GP-PC-5005214" ignored="0" name="Internet" tests="8" failures="0" timestamp="04 Sep 2019 20:34:09 GMT" time="290.052" errors="0">
  <testcase name="App_Foreground_Internet" time="27.776" classname="Test.Login2"/>
  <testcase name="App_Background_Internet" time="29.727" classname="Test.Login2"/>
  <testcase name="App_Closed_Internet" time="42.192" classname="Test.Login2"/>
  <testcase name="App_Foreground_Flexiplan" time="36.461" classname="Test.LogoutAndGuestmode2"/>
  <testcase name="App_Background_Flexiplan" time="33.882" classname="Test.LogoutAndGuestmode2"/>
  <testcase name="App_Closed_Flexiplan" time="43.811" classname="Test.LogoutAndGuestmode2"/>
  <testcase name="Guestmode_App_Foreground_Flexiplan" time="35.611" classname="Test.LogoutAndGuestmode2"/>
  <testcase name="Guestmode_App_Backround_Flexiplan" time="40.556" classname="Test.LogoutAndGuestmode2"/>
</testsuite> <!-- Internet -->
