<?xml version="1.0" encoding="UTF-8"?>
<!-- Generated by org.testng.reporters.JUnitXMLReporter -->
<testsuite hostname="GP-PC-5005214" ignored="0" name="Test1" tests="3" failures="0" timestamp="04 Sep 2019 17:54:13 GMT" time="102.734" errors="0">
  <testcase name="AppForegroundFlexiplan" time="27.914" classname="Test.Login"/>
  <testcase name="AppBackgroundFlexiplan" time="31.401" classname="Test.Login"/>
  <testcase name="AppClosedFlexiplan" time="43.396" classname="Test.Login"/>
</testsuite> <!-- Test1 -->
