<?xml version="1.0" encoding="UTF-8"?>
<!-- Generated by org.testng.reporters.JUnitXMLReporter -->
<testsuite hostname="GP-PC-5005214" ignored="42" name="Data Pack" tests="1" failures="0" timestamp="20 Oct 2019 12:05:40 GMT" time="108.952" errors="0">
  <testcase name="VOICE23Minutes" time="108.931" classname="Test.PackPurchase"/>
  <testcase name="DATA1GB103MBBonus" time="0.0" classname="Test.PackPurchase">
    <ignored/>
  </testcase> <!-- DATA1GB103MBBonus -->
  <testcase name="DATA30MBBioscopePrimePass" time="0.0" classname="Test.PackPurchase">
    <ignored/>
  </testcase> <!-- DATA30MBBioscopePrimePass -->
  <testcase name="DATA340MBFacebookPack" time="0.0" classname="Test.PackPurchase">
    <ignored/>
  </testcase> <!-- DATA340MBFacebookPack -->
  <testcase name="VOICE400Minutes" time="0.0" classname="Test.PackPurchase">
    <ignored/>
  </testcase> <!-- VOICE400Minutes -->
  <testcase name="DATA5GB512MBBonus" time="0.0" classname="Test.PackPurchase">
    <ignored/>
  </testcase> <!-- DATA5GB512MBBonus -->
  <testcase name="VOICE160Minutes" time="0.0" classname="Test.PackPurchase">
    <ignored/>
  </testcase> <!-- VOICE160Minutes -->
  <testcase name="DATA1GB103MBBonus189Tk" time="0.0" classname="Test.PackPurchase">
    <ignored/>
  </testcase> <!-- DATA1GB103MBBonus189Tk -->
  <testcase name="DATA1GBBioscopePack" time="0.0" classname="Test.PackPurchase">
    <ignored/>
  </testcase> <!-- DATA1GBBioscopePack -->
  <testcase name="DATA350MB35MBBonus" time="0.0" classname="Test.PackPurchase">
    <ignored/>
  </testcase> <!-- DATA350MB35MBBonus -->
  <testcase name="DATA86MBFacebookPack" time="0.0" classname="Test.PackPurchase">
    <ignored/>
  </testcase> <!-- DATA86MBFacebookPack -->
  <testcase name="DATA15GBBecomeaSilverSTAR" time="0.0" classname="Test.PackPurchase">
    <ignored/>
  </testcase> <!-- DATA15GBBecomeaSilverSTAR -->
  <testcase name="DATA10GB1GBBonus" time="0.0" classname="Test.PackPurchase">
    <ignored/>
  </testcase> <!-- DATA10GB1GBBonus -->
  <testcase name="DATA115MB" time="0.0" classname="Test.PackPurchase">
    <ignored/>
  </testcase> <!-- DATA115MB -->
  <testcase name="DATA46MBVideoPack" time="0.0" classname="Test.PackPurchase">
    <ignored/>
  </testcase> <!-- DATA46MBVideoPack -->
  <testcase name="DATA500SMB" time="0.0" classname="Test.PackPurchase">
    <ignored/>
  </testcase> <!-- DATA500SMB -->
  <testcase name="DATA3GB308MBBonus289Tk" time="0.0" classname="Test.PackPurchase">
    <ignored/>
  </testcase> <!-- DATA3GB308MBBonus289Tk -->
  <testcase name="VOICE330Minutes" time="0.0" classname="Test.PackPurchase">
    <ignored/>
  </testcase> <!-- VOICE330Minutes -->
  <testcase name="DATA2GB205MBBonus" time="0.0" classname="Test.PackPurchase">
    <ignored/>
  </testcase> <!-- DATA2GB205MBBonus -->
  <testcase name="VOICE200Minutes" time="0.0" classname="Test.PackPurchase">
    <ignored/>
  </testcase> <!-- VOICE200Minutes -->
  <testcase name="VOICE50Minutes" time="0.0" classname="Test.PackPurchase">
    <ignored/>
  </testcase> <!-- VOICE50Minutes -->
  <testcase name="VOICE500Minutes" time="0.0" classname="Test.PackPurchase">
    <ignored/>
  </testcase> <!-- VOICE500Minutes -->
  <testcase name="DATA26MBWhatsAppPack" time="0.0" classname="Test.PackPurchase">
    <ignored/>
  </testcase> <!-- DATA26MBWhatsAppPack -->
  <testcase name="DATA3GB308MBBonus" time="0.0" classname="Test.PackPurchase">
    <ignored/>
  </testcase> <!-- DATA3GB308MBBonus -->
  <testcase name="DATA2GBBioscopePack" time="0.0" classname="Test.PackPurchase">
    <ignored/>
  </testcase> <!-- DATA2GBBioscopePack -->
  <testcase name="VOICE70Minutes" time="0.0" classname="Test.PackPurchase">
    <ignored/>
  </testcase> <!-- VOICE70Minutes -->
  <testcase name="DATA500SMS" time="0.0" classname="Test.PackPurchase">
    <ignored/>
  </testcase> <!-- DATA500SMS -->
  <testcase name="DATA6GB615BBonus" time="0.0" classname="Test.PackPurchase">
    <ignored/>
  </testcase> <!-- DATA6GB615BBonus -->
  <testcase name="VOICE90Minutes50SMS" time="0.0" classname="Test.PackPurchase">
    <ignored/>
  </testcase> <!-- VOICE90Minutes50SMS -->
  <testcase name="VOICE10Minutes" time="0.0" classname="Test.PackPurchase">
    <ignored/>
  </testcase> <!-- VOICE10Minutes -->
  <testcase name="DATA5MB" time="0.0" classname="Test.PackPurchase">
    <ignored/>
  </testcase> <!-- DATA5MB -->
  <testcase name="VOICE40Minutes" time="0.0" classname="Test.PackPurchase">
    <ignored/>
  </testcase> <!-- VOICE40Minutes -->
  <testcase name="VOICE250Minutes" time="0.0" classname="Test.PackPurchase">
    <ignored/>
  </testcase> <!-- VOICE250Minutes -->
  <testcase name="VOICE45MinutesPrepaidOnly" time="0.0" classname="Test.PackPurchase">
    <ignored/>
  </testcase> <!-- VOICE45MinutesPrepaidOnly -->
  <testcase name="DATA3GB" time="0.0" classname="Test.PackPurchase">
    <ignored/>
  </testcase> <!-- DATA3GB -->
  <testcase name="VOICE125Minutes" time="0.0" classname="Test.PackPurchase">
    <ignored/>
  </testcase> <!-- VOICE125Minutes -->
  <testcase name="VOICE300Minutes" time="0.0" classname="Test.PackPurchase">
    <ignored/>
  </testcase> <!-- VOICE300Minutes -->
  <testcase name="DATA30GBBecomeaSilverSTAR" time="0.0" classname="Test.PackPurchase">
    <ignored/>
  </testcase> <!-- DATA30GBBecomeaSilverSTAR -->
  <testcase name="DATA200SMS" time="0.0" classname="Test.PackPurchase">
    <ignored/>
  </testcase> <!-- DATA200SMS -->
  <testcase name="DATAEmergency30MB" time="0.0" classname="Test.PackPurchase">
    <ignored/>
  </testcase> <!-- DATAEmergency30MB -->
  <testcase name="DATA1and5GB154MBBonus" time="0.0" classname="Test.PackPurchase">
    <ignored/>
  </testcase> <!-- DATA1and5GB154MBBonus -->
  <testcase name="DATA26MBFacebookPack" time="0.0" classname="Test.PackPurchase">
    <ignored/>
  </testcase> <!-- DATA26MBFacebookPack -->
  <testcase name="DATA5GBBioscopePack" time="0.0" classname="Test.PackPurchase">
    <ignored/>
  </testcase> <!-- DATA5GBBioscopePack -->
</testsuite> <!-- Data Pack -->
