<?xml version="1.0" encoding="UTF-8"?>
<!-- Generated by org.testng.reporters.JUnitXMLReporter -->
<testsuite hostname="GP-PC-5005214" ignored="0" name="CMP" tests="8" failures="3" timestamp="06 Sep 2019 14:34:25 GMT" time="1443.323" errors="0">
  <testcase name="App_Foreground_CMP" time="170.122" classname="Test.Login5"/>
  <testcase name="App_Background_CMP" time="181.421" classname="Test.Login5"/>
  <testcase name="App_Closed_CMP" time="187.804" classname="Test.Login5"/>
  <testcase name="App_Foreground_FlexiplanGift" time="182.292" classname="Test.LogoutAndGuestmode5">
    <failure type="org.openqa.selenium.NoSuchElementException" message="An element could not be located on the page using the given search parameters.
For documentation on this error, please visit: http://seleniumhq.org/exceptions/no_such_element.html
Build info: version: &amp;apos;3.141.5&amp;apos;, revision: &amp;apos;d54ebd709a&amp;apos;, time: &amp;apos;2018-11-06T11:42:16&amp;apos;
System info: host: &amp;apos;GP-PC-5005214&amp;apos;, ip: &amp;apos;192.168.0.101&amp;apos;, os.name: &amp;apos;Windows 10&amp;apos;, os.arch: &amp;apos;amd64&amp;apos;, os.version: &amp;apos;10.0&amp;apos;, java.version: &amp;apos;1.8.0_212&amp;apos;
Driver info: io.appium.java_client.android.AndroidDriver
Capabilities {appActivity: com.portonics.mygp.ui.MainA..., appPackage: com.portonics.mygp, automationName: UiAutomator2, databaseEnabled: false, desired: {appActivity: com.portonics.mygp.ui.MainA..., appPackage: com.portonics.mygp, automationName: UiAutomator2, deviceName: F8AZFG01K022, newCommandTimeout: 86400, noReset: true, platformName: android, platformVersion: 9}, deviceApiLevel: 28, deviceManufacturer: SYMPHONY, deviceModel: R40, deviceName: B65AX029511D0011645, deviceScreenDensity: 320, deviceScreenSize: 720x1440, deviceUDID: B65AX029511D0011645, javascriptEnabled: true, locationContextEnabled: false, networkConnectionEnabled: true, newCommandTimeout: 86400, noReset: true, pixelRatio: 2, platform: LINUX, platformName: Android, platformVersion: 9, statBarHeight: 48, takesScreenshot: true, viewportRect: {height: 1296, left: 0, top: 48, width: 720}, warnings: {}, webStorageEnabled: false}
Session ID: 12826e94-022a-4e28-822f-f34de521dcba
*** Element info: {Using=id, value=com.portonics.mygp:id/layoutTexts}">
      <![CDATA[org.openqa.selenium.NoSuchElementException: An element could not be located on the page using the given search parameters.
For documentation on this error, please visit: http://seleniumhq.org/exceptions/no_such_element.html
Build info: version: '3.141.5', revision: 'd54ebd709a', time: '2018-11-06T11:42:16'
System info: host: 'GP-PC-5005214', ip: '192.168.0.101', os.name: 'Windows 10', os.arch: 'amd64', os.version: '10.0', java.version: '1.8.0_212'
Driver info: io.appium.java_client.android.AndroidDriver
Capabilities {appActivity: com.portonics.mygp.ui.MainA..., appPackage: com.portonics.mygp, automationName: UiAutomator2, databaseEnabled: false, desired: {appActivity: com.portonics.mygp.ui.MainA..., appPackage: com.portonics.mygp, automationName: UiAutomator2, deviceName: F8AZFG01K022, newCommandTimeout: 86400, noReset: true, platformName: android, platformVersion: 9}, deviceApiLevel: 28, deviceManufacturer: SYMPHONY, deviceModel: R40, deviceName: B65AX029511D0011645, deviceScreenDensity: 320, deviceScreenSize: 720x1440, deviceUDID: B65AX029511D0011645, javascriptEnabled: true, locationContextEnabled: false, networkConnectionEnabled: true, newCommandTimeout: 86400, noReset: true, pixelRatio: 2, platform: LINUX, platformName: Android, platformVersion: 9, statBarHeight: 48, takesScreenshot: true, viewportRect: {height: 1296, left: 0, top: 48, width: 720}, warnings: {}, webStorageEnabled: false}
Session ID: 12826e94-022a-4e28-822f-f34de521dcba
*** Element info: {Using=id, value=com.portonics.mygp:id/layoutTexts}
at org.openqa.selenium.remote.http.W3CHttpResponseCodec.createException(W3CHttpResponseCodec.java:187)
at org.openqa.selenium.remote.http.W3CHttpResponseCodec.decode(W3CHttpResponseCodec.java:122)
at org.openqa.selenium.remote.http.W3CHttpResponseCodec.decode(W3CHttpResponseCodec.java:49)
at org.openqa.selenium.remote.HttpCommandExecutor.execute(HttpCommandExecutor.java:158)
at io.appium.java_client.remote.AppiumCommandExecutor.execute(AppiumCommandExecutor.java:231)
at org.openqa.selenium.remote.RemoteWebDriver.execute(RemoteWebDriver.java:552)
at io.appium.java_client.DefaultGenericMobileDriver.execute(DefaultGenericMobileDriver.java:42)
at io.appium.java_client.AppiumDriver.execute(AppiumDriver.java:1)
at io.appium.java_client.android.AndroidDriver.execute(AndroidDriver.java:1)
at org.openqa.selenium.remote.RemoteWebDriver.findElement(RemoteWebDriver.java:323)
at io.appium.java_client.DefaultGenericMobileDriver.findElement(DefaultGenericMobileDriver.java:62)
at io.appium.java_client.AppiumDriver.findElement(AppiumDriver.java:1)
at io.appium.java_client.android.AndroidDriver.findElement(AndroidDriver.java:1)
at org.openqa.selenium.remote.RemoteWebDriver.findElementById(RemoteWebDriver.java:372)
at io.appium.java_client.DefaultGenericMobileDriver.findElementById(DefaultGenericMobileDriver.java:70)
at io.appium.java_client.AppiumDriver.findElementById(AppiumDriver.java:1)
at io.appium.java_client.android.AndroidDriver.findElementById(AndroidDriver.java:1)
at Test.LogoutAndGuestmode5.App_Foreground_FlexiplanGift(LogoutAndGuestmode5.java:66)
... Removed 28 stack frames]]>
    </failure>
  </testcase> <!-- App_Foreground_FlexiplanGift -->
  <testcase name="App_Background_FlexiplanGift" time="182.536" classname="Test.LogoutAndGuestmode5"/>
  <testcase name="App_Closed_FlexiplanGift" time="183.326" classname="Test.LogoutAndGuestmode5">
    <failure type="org.openqa.selenium.NoSuchElementException" message="An element could not be located on the page using the given search parameters.
For documentation on this error, please visit: http://seleniumhq.org/exceptions/no_such_element.html
Build info: version: &amp;apos;3.141.5&amp;apos;, revision: &amp;apos;d54ebd709a&amp;apos;, time: &amp;apos;2018-11-06T11:42:16&amp;apos;
System info: host: &amp;apos;GP-PC-5005214&amp;apos;, ip: &amp;apos;192.168.0.101&amp;apos;, os.name: &amp;apos;Windows 10&amp;apos;, os.arch: &amp;apos;amd64&amp;apos;, os.version: &amp;apos;10.0&amp;apos;, java.version: &amp;apos;1.8.0_212&amp;apos;
Driver info: io.appium.java_client.android.AndroidDriver
Capabilities {appActivity: com.portonics.mygp.ui.MainA..., appPackage: com.portonics.mygp, automationName: UiAutomator2, databaseEnabled: false, desired: {appActivity: com.portonics.mygp.ui.MainA..., appPackage: com.portonics.mygp, automationName: UiAutomator2, deviceName: F8AZFG01K022, newCommandTimeout: 86400, noReset: true, platformName: android, platformVersion: 9}, deviceApiLevel: 28, deviceManufacturer: SYMPHONY, deviceModel: R40, deviceName: B65AX029511D0011645, deviceScreenDensity: 320, deviceScreenSize: 720x1440, deviceUDID: B65AX029511D0011645, javascriptEnabled: true, locationContextEnabled: false, networkConnectionEnabled: true, newCommandTimeout: 86400, noReset: true, pixelRatio: 2, platform: LINUX, platformName: Android, platformVersion: 9, statBarHeight: 48, takesScreenshot: true, viewportRect: {height: 1296, left: 0, top: 48, width: 720}, warnings: {}, webStorageEnabled: false}
Session ID: 5f2be41c-46ea-4d8e-b6b2-3fc3c6b89224
*** Element info: {Using=id, value=com.portonics.mygp:id/layoutTexts}">
      <![CDATA[org.openqa.selenium.NoSuchElementException: An element could not be located on the page using the given search parameters.
For documentation on this error, please visit: http://seleniumhq.org/exceptions/no_such_element.html
Build info: version: '3.141.5', revision: 'd54ebd709a', time: '2018-11-06T11:42:16'
System info: host: 'GP-PC-5005214', ip: '192.168.0.101', os.name: 'Windows 10', os.arch: 'amd64', os.version: '10.0', java.version: '1.8.0_212'
Driver info: io.appium.java_client.android.AndroidDriver
Capabilities {appActivity: com.portonics.mygp.ui.MainA..., appPackage: com.portonics.mygp, automationName: UiAutomator2, databaseEnabled: false, desired: {appActivity: com.portonics.mygp.ui.MainA..., appPackage: com.portonics.mygp, automationName: UiAutomator2, deviceName: F8AZFG01K022, newCommandTimeout: 86400, noReset: true, platformName: android, platformVersion: 9}, deviceApiLevel: 28, deviceManufacturer: SYMPHONY, deviceModel: R40, deviceName: B65AX029511D0011645, deviceScreenDensity: 320, deviceScreenSize: 720x1440, deviceUDID: B65AX029511D0011645, javascriptEnabled: true, locationContextEnabled: false, networkConnectionEnabled: true, newCommandTimeout: 86400, noReset: true, pixelRatio: 2, platform: LINUX, platformName: Android, platformVersion: 9, statBarHeight: 48, takesScreenshot: true, viewportRect: {height: 1296, left: 0, top: 48, width: 720}, warnings: {}, webStorageEnabled: false}
Session ID: 5f2be41c-46ea-4d8e-b6b2-3fc3c6b89224
*** Element info: {Using=id, value=com.portonics.mygp:id/layoutTexts}
at org.openqa.selenium.remote.http.W3CHttpResponseCodec.createException(W3CHttpResponseCodec.java:187)
at org.openqa.selenium.remote.http.W3CHttpResponseCodec.decode(W3CHttpResponseCodec.java:122)
at org.openqa.selenium.remote.http.W3CHttpResponseCodec.decode(W3CHttpResponseCodec.java:49)
at org.openqa.selenium.remote.HttpCommandExecutor.execute(HttpCommandExecutor.java:158)
at io.appium.java_client.remote.AppiumCommandExecutor.execute(AppiumCommandExecutor.java:231)
at org.openqa.selenium.remote.RemoteWebDriver.execute(RemoteWebDriver.java:552)
at io.appium.java_client.DefaultGenericMobileDriver.execute(DefaultGenericMobileDriver.java:42)
at io.appium.java_client.AppiumDriver.execute(AppiumDriver.java:1)
at io.appium.java_client.android.AndroidDriver.execute(AndroidDriver.java:1)
at org.openqa.selenium.remote.RemoteWebDriver.findElement(RemoteWebDriver.java:323)
at io.appium.java_client.DefaultGenericMobileDriver.findElement(DefaultGenericMobileDriver.java:62)
at io.appium.java_client.AppiumDriver.findElement(AppiumDriver.java:1)
at io.appium.java_client.android.AndroidDriver.findElement(AndroidDriver.java:1)
at org.openqa.selenium.remote.RemoteWebDriver.findElementById(RemoteWebDriver.java:372)
at io.appium.java_client.DefaultGenericMobileDriver.findElementById(DefaultGenericMobileDriver.java:70)
at io.appium.java_client.AppiumDriver.findElementById(AppiumDriver.java:1)
at io.appium.java_client.android.AndroidDriver.findElementById(AndroidDriver.java:1)
at Test.LogoutAndGuestmode5.App_Closed_FlexiplanGift(LogoutAndGuestmode5.java:165)
... Removed 28 stack frames]]>
    </failure>
  </testcase> <!-- App_Closed_FlexiplanGift -->
  <testcase name="Guestmode_App_Foreground_FlexiplanGift" time="176.899" classname="Test.LogoutAndGuestmode5">
    <failure type="org.openqa.selenium.NoSuchElementException" message="An element could not be located on the page using the given search parameters.
For documentation on this error, please visit: http://seleniumhq.org/exceptions/no_such_element.html
Build info: version: &amp;apos;3.141.5&amp;apos;, revision: &amp;apos;d54ebd709a&amp;apos;, time: &amp;apos;2018-11-06T11:42:16&amp;apos;
System info: host: &amp;apos;GP-PC-5005214&amp;apos;, ip: &amp;apos;192.168.0.101&amp;apos;, os.name: &amp;apos;Windows 10&amp;apos;, os.arch: &amp;apos;amd64&amp;apos;, os.version: &amp;apos;10.0&amp;apos;, java.version: &amp;apos;1.8.0_212&amp;apos;
Driver info: io.appium.java_client.android.AndroidDriver
Capabilities {appActivity: com.portonics.mygp.ui.MainA..., appPackage: com.portonics.mygp, automationName: UiAutomator2, databaseEnabled: false, desired: {appActivity: com.portonics.mygp.ui.MainA..., appPackage: com.portonics.mygp, automationName: UiAutomator2, deviceName: F8AZFG01K022, newCommandTimeout: 86400, noReset: true, platformName: android, platformVersion: 9}, deviceApiLevel: 28, deviceManufacturer: SYMPHONY, deviceModel: R40, deviceName: B65AX029511D0011645, deviceScreenDensity: 320, deviceScreenSize: 720x1440, deviceUDID: B65AX029511D0011645, javascriptEnabled: true, locationContextEnabled: false, networkConnectionEnabled: true, newCommandTimeout: 86400, noReset: true, pixelRatio: 2, platform: LINUX, platformName: Android, platformVersion: 9, statBarHeight: 48, takesScreenshot: true, viewportRect: {height: 1296, left: 0, top: 48, width: 720}, warnings: {}, webStorageEnabled: false}
Session ID: 85429546-838d-4efb-94a3-38d1fdf9604c
*** Element info: {Using=id, value=com.portonics.mygp:id/layoutTexts}">
      <![CDATA[org.openqa.selenium.NoSuchElementException: An element could not be located on the page using the given search parameters.
For documentation on this error, please visit: http://seleniumhq.org/exceptions/no_such_element.html
Build info: version: '3.141.5', revision: 'd54ebd709a', time: '2018-11-06T11:42:16'
System info: host: 'GP-PC-5005214', ip: '192.168.0.101', os.name: 'Windows 10', os.arch: 'amd64', os.version: '10.0', java.version: '1.8.0_212'
Driver info: io.appium.java_client.android.AndroidDriver
Capabilities {appActivity: com.portonics.mygp.ui.MainA..., appPackage: com.portonics.mygp, automationName: UiAutomator2, databaseEnabled: false, desired: {appActivity: com.portonics.mygp.ui.MainA..., appPackage: com.portonics.mygp, automationName: UiAutomator2, deviceName: F8AZFG01K022, newCommandTimeout: 86400, noReset: true, platformName: android, platformVersion: 9}, deviceApiLevel: 28, deviceManufacturer: SYMPHONY, deviceModel: R40, deviceName: B65AX029511D0011645, deviceScreenDensity: 320, deviceScreenSize: 720x1440, deviceUDID: B65AX029511D0011645, javascriptEnabled: true, locationContextEnabled: false, networkConnectionEnabled: true, newCommandTimeout: 86400, noReset: true, pixelRatio: 2, platform: LINUX, platformName: Android, platformVersion: 9, statBarHeight: 48, takesScreenshot: true, viewportRect: {height: 1296, left: 0, top: 48, width: 720}, warnings: {}, webStorageEnabled: false}
Session ID: 85429546-838d-4efb-94a3-38d1fdf9604c
*** Element info: {Using=id, value=com.portonics.mygp:id/layoutTexts}
at org.openqa.selenium.remote.http.W3CHttpResponseCodec.createException(W3CHttpResponseCodec.java:187)
at org.openqa.selenium.remote.http.W3CHttpResponseCodec.decode(W3CHttpResponseCodec.java:122)
at org.openqa.selenium.remote.http.W3CHttpResponseCodec.decode(W3CHttpResponseCodec.java:49)
at org.openqa.selenium.remote.HttpCommandExecutor.execute(HttpCommandExecutor.java:158)
at io.appium.java_client.remote.AppiumCommandExecutor.execute(AppiumCommandExecutor.java:231)
at org.openqa.selenium.remote.RemoteWebDriver.execute(RemoteWebDriver.java:552)
at io.appium.java_client.DefaultGenericMobileDriver.execute(DefaultGenericMobileDriver.java:42)
at io.appium.java_client.AppiumDriver.execute(AppiumDriver.java:1)
at io.appium.java_client.android.AndroidDriver.execute(AndroidDriver.java:1)
at org.openqa.selenium.remote.RemoteWebDriver.findElement(RemoteWebDriver.java:323)
at io.appium.java_client.DefaultGenericMobileDriver.findElement(DefaultGenericMobileDriver.java:62)
at io.appium.java_client.AppiumDriver.findElement(AppiumDriver.java:1)
at io.appium.java_client.android.AndroidDriver.findElement(AndroidDriver.java:1)
at org.openqa.selenium.remote.RemoteWebDriver.findElementById(RemoteWebDriver.java:372)
at io.appium.java_client.DefaultGenericMobileDriver.findElementById(DefaultGenericMobileDriver.java:70)
at io.appium.java_client.AppiumDriver.findElementById(AppiumDriver.java:1)
at io.appium.java_client.android.AndroidDriver.findElementById(AndroidDriver.java:1)
at Test.LogoutAndGuestmode5.Guestmode_App_Foreground_FlexiplanGift(LogoutAndGuestmode5.java:209)
... Removed 28 stack frames]]>
    </failure>
  </testcase> <!-- Guestmode_App_Foreground_FlexiplanGift -->
  <testcase name="Guestmode_App_Backround_FlexiplanGift" time="178.89" classname="Test.LogoutAndGuestmode5"/>
</testsuite> <!-- CMP -->
