<?xml version="1.0" encoding="UTF-8"?>
<!-- Generated by org.testng.reporters.JUnitXMLReporter -->
<testsuite hostname="GP-PC-5005214" ignored="0" name="Flexiplan" tests="8" failures="0" timestamp="06 Sep 2019 13:41:45 GMT" time="493.535" errors="0">
  <testcase name="App_Foreground_Flexiplan" time="46.785" classname="Test.Login1"/>
  <testcase name="App_Background_Flexiplan" time="48.859" classname="Test.Login1"/>
  <testcase name="App_Closed_Flexiplan" time="61.611" classname="Test.Login1"/>
  <testcase name="App_Foreground_Flexiplan" time="66.129" classname="Test.LogoutAndGuestmode1"/>
  <testcase name="App_Background_Flexiplan" time="64.283" classname="Test.LogoutAndGuestmode1"/>
  <testcase name="App_Closed_Flexiplan" time="73.989" classname="Test.LogoutAndGuestmode1"/>
  <testcase name="Guestmode_App_Foreground_Flexiplan" time="62.914" classname="Test.LogoutAndGuestmode1"/>
  <testcase name="Guestmode_App_Backround_Flexiplan" time="68.926" classname="Test.LogoutAndGuestmode1"/>
</testsuite> <!-- Flexiplan -->
