<?xml version="1.0" encoding="UTF-8"?>
<!-- Generated by org.testng.reporters.JUnitXMLReporter -->
<testsuite hostname="GP-PC-5005214" ignored="0" name="Internet" tests="8" failures="0" timestamp="06 Sep 2019 13:49:35 GMT" time="470.163" errors="0">
  <testcase name="App_Foreground_Internet" time="44.492" classname="Test.Login2"/>
  <testcase name="App_Background_Internet" time="47.76" classname="Test.Login2"/>
  <testcase name="App_Closed_Internet" time="57.695" classname="Test.Login2"/>
  <testcase name="App_Foreground_Internet" time="58.793" classname="Test.LogoutAndGuestmode2"/>
  <testcase name="App_Background_Internet" time="61.39" classname="Test.LogoutAndGuestmode2"/>
  <testcase name="App_Closed_Internet" time="71.557" classname="Test.LogoutAndGuestmode2"/>
  <testcase name="Guestmode_App_Foreground_Internet" time="59.865" classname="Test.LogoutAndGuestmode2"/>
  <testcase name="Guestmode_App_Backround_Internet" time="68.595" classname="Test.LogoutAndGuestmode2"/>
</testsuite> <!-- Internet -->
