<?xml version="1.0" encoding="UTF-8"?>
<!-- Generated by org.testng.reporters.JUnitXMLReporter -->
<testsuite hostname="GP-PC-5005214" ignored="0" name="Voice" tests="8" failures="0" timestamp="06 Sep 2019 13:57:45 GMT" time="489.878" errors="0">
  <testcase name="App_Foreground_Voice" time="47.795" classname="Test.Login3"/>
  <testcase name="App_Background_Voice" time="49.602" classname="Test.Login3"/>
  <testcase name="App_Closed_Voice" time="62.841" classname="Test.Login3"/>
  <testcase name="App_Foreground_Voice" time="62.972" classname="Test.LogoutAndGuestmode3"/>
  <testcase name="App_Background_Voice" time="62.086" classname="Test.LogoutAndGuestmode3"/>
  <testcase name="App_Closed_Voice" time="71.363" classname="Test.LogoutAndGuestmode3"/>
  <testcase name="Guestmode_App_Foreground_Voice" time="61.033" classname="Test.LogoutAndGuestmode3"/>
  <testcase name="Guestmode_App_Backround_Voice" time="72.186" classname="Test.LogoutAndGuestmode3"/>
</testsuite> <!-- Voice -->
