<?xml version="1.0" encoding="UTF-8"?>
<testng-results skipped="0" failed="0" ignored="42" total="43" passed="1">
  <reporter-output>
  </reporter-output>
  <suite name="MyGP Pack Purchase" duration-ms="108952" started-at="2019-10-20T12:03:51Z" finished-at="2019-10-20T12:05:40Z">
    <groups>
    </groups>
    <test name="Data Pack" duration-ms="108952" started-at="2019-10-20T12:03:51Z" finished-at="2019-10-20T12:05:40Z">
      <class name="Test.PackPurchase">
        <test-method status="PASS" signature="VOICE23Minutes(java.lang.String, java.lang.String, java.lang.String, java.lang.String, java.lang.String)[pri:32, instance:Test.PackPurchase@7c29daf3]" name="VOICE23Minutes" duration-ms="108931" started-at="2019-10-20T12:03:51Z" finished-at="2019-10-20T12:05:40Z">
          <params>
            <param index="0">
              <value>
                <![CDATA[8223]]>
              </value>
            </param>
            <param index="1">
              <value>
                <![CDATA[Symphony]]>
              </value>
            </param>
            <param index="2">
              <value>
                <![CDATA[6]]>
              </value>
            </param>
            <param index="3">
              <value>
                <![CDATA[0123456789ABCDEF]]>
              </value>
            </param>
            <param index="4">
              <value>
                <![CDATA[127.0.0.1:5001/wd/hub]]>
              </value>
            </param>
          </params>
          <reporter-output>
          </reporter-output>
        </test-method> <!-- VOICE23Minutes -->
      </class> <!-- Test.PackPurchase -->
    </test> <!-- Data Pack -->
  </suite> <!-- MyGP Pack Purchase -->
</testng-results>
