<?xml version="1.0" encoding="UTF-8"?>
<!-- Generated by org.testng.reporters.JUnitXMLReporter -->
<testsuite hostname="GP-PC-5005214" ignored="0" name="Test" tests="8" failures="1" timestamp="04 Sep 2019 06:42:02 GMT" time="299.353" errors="0">
  <testcase name="AppForegroundFlexiplan" time="30.833" classname="Test.Login"/>
  <testcase name="AppBackgroundFlexiplan" time="31.714" classname="Test.Login"/>
  <testcase name="AppClosedFlexiplan" time="42.579" classname="Test.Login"/>
  <testcase name="AppForegroundFlexiplan" time="35.486" classname="Test.LogoutAndGuestmode"/>
  <testcase name="AppBackgroundFlexiplan" time="35.887" classname="Test.LogoutAndGuestmode"/>
  <testcase name="AppClosedFlexiplan" time="45.05" classname="Test.LogoutAndGuestmode">
    <failure type="java.lang.AssertionError" message="expected [CONFIRM PURCHASE] but found [CONFIRM PURCHAS]">
      <![CDATA[java.lang.AssertionError: expected [CONFIRM PURCHASE] but found [CONFIRM PURCHAS]
at Test.LogoutAndGuestmode.AppClosedFlexiplan(LogoutAndGuestmode.java:176)
at java.util.concurrent.FutureTask.run(Unknown Source)
at java.util.concurrent.ThreadPoolExecutor.runWorker(Unknown Source)
at java.util.concurrent.ThreadPoolExecutor$Worker.run(Unknown Source)
at java.lang.Thread.run(Unknown Source)
... Removed 22 stack frames]]>
    </failure>
  </testcase> <!-- AppClosedFlexiplan -->
  <testcase name="GuestmodeAppForegroundFlexiplan" time="34.973" classname="Test.LogoutAndGuestmode"/>
  <testcase name="GuestmodeAppBackroundFlexiplan" time="42.783" classname="Test.LogoutAndGuestmode"/>
</testsuite> <!-- Test -->
